# JRE version: Java(TM) SE Runtime Environment (8.0_92-b14) (build 1.8.0_92-b14)
# Java VM: Java HotSpot(TM) 64-Bit Server VM (25.92-b14 mixed mode windows-amd64 compressed oops)
Heap:
 PSYoungGen      total 228864K, used 118766K [0x00000000d5f80000, 0x00000000e9980000, 0x0000000100000000)
  eden space 217600K, 54% used [0x00000000d5f80000,0x00000000dd37b938,0x00000000e3400000)
  from space 11264K, 0% used [0x00000000e3400000,0x00000000e3400000,0x00000000e3f00000)
  to   space 12800K, 0% used [0x00000000e8d00000,0x00000000e8d00000,0x00000000e9980000)
 ParOldGen       total 53760K, used 15872K [0x0000000081e00000, 0x0000000085280000, 0x00000000d5f80000)
  object space 53760K, 29% used [0x0000000081e00000,0x0000000082d801f8,0x0000000085280000)
 Metaspace       used 38705K, capacity 40452K, committed 40664K, reserved 1085440K
  class space    used 4999K, capacity 5307K, committed 5376K, reserved 1048576K
GC Heap History (10 events):
Event: 2.927 GC heap before
{Heap before GC invocations=7 (full 1):
 PSYoungGen      total 141824K, used 6070K [0x00000000d5f80000, 0x00000000df380000, 0x0000000100000000)
  eden space 133120K, 0% used [0x00000000d5f80000,0x00000000d5f80000,0x00000000de180000)
  from space 8704K, 69% used [0x00000000deb00000,0x00000000df0ed900,0x00000000df380000)
  to   space 9216K, 0% used [0x00000000de180000,0x00000000de180000,0x00000000dea80000)
 ParOldGen       total 87552K, used 6522K [0x0000000081e00000, 0x0000000087380000, 0x00000000d5f80000)
  object space 87552K, 7% used [0x0000000081e00000,0x000000008245eb68,0x0000000087380000)
 Metaspace       used 20686K, capacity 21202K, committed 21248K, reserved 1067008K
  class space    used 2621K, capacity 2786K, committed 2816K, reserved 1048576K
Event: 2.953 GC heap after
Heap after GC invocations=7 (full 1):
 PSYoungGen      total 141824K, used 0K [0x00000000d5f80000, 0x00000000df380000, 0x0000000100000000)
  eden space 133120K, 0% used [0x00000000d5f80000,0x00000000d5f80000,0x00000000de180000)
  from space 8704K, 0% used [0x00000000deb00000,0x00000000deb00000,0x00000000df380000)
  to   space 9216K, 0% used [0x00000000de180000,0x00000000de180000,0x00000000dea80000)
 ParOldGen       total 53760K, used 5890K [0x0000000081e00000, 0x0000000085280000, 0x00000000d5f80000)
  object space 53760K, 10% used [0x0000000081e00000,0x00000000823c0bb0,0x0000000085280000)
 Metaspace       used 20686K, capacity 21202K, committed 21248K, reserved 1067008K
  class space    used 2621K, capacity 2786K, committed 2816K, reserved 1048576K
}
Event: 7.054 GC heap before
{Heap before GC invocations=8 (full 1):
 PSYoungGen      total 141824K, used 133120K [0x00000000d5f80000, 0x00000000df380000, 0x0000000100000000)
  eden space 133120K, 100% used [0x00000000d5f80000,0x00000000de180000,0x00000000de180000)
  from space 8704K, 0% used [0x00000000deb00000,0x00000000deb00000,0x00000000df380000)
  to   space 9216K, 0% used [0x00000000de180000,0x00000000de180000,0x00000000dea80000)
 ParOldGen       total 53760K, used 5890K [0x0000000081e00000, 0x0000000085280000, 0x00000000d5f80000)
  object space 53760K, 10% used [0x0000000081e00000,0x00000000823c0bb0,0x0000000085280000)
 Metaspace       used 27902K, capacity 28808K, committed 29056K, reserved 1075200K
  class space    used 3632K, capacity 3873K, committed 3968K, reserved 1048576K
Event: 7.062 GC heap after
Heap after GC invocations=8 (full 1):
 PSYoungGen      total 142336K, used 8785K [0x00000000d5f80000, 0x00000000e4a00000, 0x0000000100000000)
  eden space 133120K, 0% used [0x00000000d5f80000,0x00000000d5f80000,0x00000000de180000)
  from space 9216K, 95% used [0x00000000de180000,0x00000000dea14600,0x00000000dea80000)
  to   space 10240K, 0% used [0x00000000e4000000,0x00000000e4000000,0x00000000e4a00000)
 ParOldGen       total 53760K, used 5898K [0x0000000081e00000, 0x0000000085280000, 0x00000000d5f80000)
  object space 53760K, 10% used [0x0000000081e00000,0x00000000823c2bb0,0x0000000085280000)
 Metaspace       used 27902K, capacity 28808K, committed 29056K, reserved 1075200K
  class space    used 3632K, capacity 3873K, committed 3968K, reserved 1048576K
}
Event: 7.977 GC heap before
{Heap before GC invocations=9 (full 1):
 PSYoungGen      total 142336K, used 141905K [0x00000000d5f80000, 0x00000000e4a00000, 0x0000000100000000)
  eden space 133120K, 100% used [0x00000000d5f80000,0x00000000de180000,0x00000000de180000)
  from space 9216K, 95% used [0x00000000de180000,0x00000000dea14600,0x00000000dea80000)
  to   space 10240K, 0% used [0x00000000e4000000,0x00000000e4000000,0x00000000e4a00000)
 ParOldGen       total 53760K, used 5898K [0x0000000081e00000, 0x0000000085280000, 0x00000000d5f80000)
  object space 53760K, 10% used [0x0000000081e00000,0x00000000823c2bb0,0x0000000085280000)
 Metaspace       used 30463K, capacity 31508K, committed 31744K, reserved 1077248K
  class space    used 3983K, capacity 4231K, committed 4352K, reserved 1048576K
Event: 7.987 GC heap after
Heap after GC invocations=9 (full 1):
 PSYoungGen      total 226304K, used 9971K [0x00000000d5f80000, 0x00000000e4a00000, 0x0000000100000000)
  eden space 216064K, 0% used [0x00000000d5f80000,0x00000000d5f80000,0x00000000e3280000)
  from space 10240K, 97% used [0x00000000e4000000,0x00000000e49bcf98,0x00000000e4a00000)
  to   space 11264K, 0% used [0x00000000e3400000,0x00000000e3400000,0x00000000e3f00000)
 ParOldGen       total 53760K, used 5906K [0x0000000081e00000, 0x0000000085280000, 0x00000000d5f80000)
  object space 53760K, 10% used [0x0000000081e00000,0x00000000823c4bb0,0x0000000085280000)
 Metaspace       used 30463K, capacity 31508K, committed 31744K, reserved 1077248K
  class space    used 3983K, capacity 4231K, committed 4352K, reserved 1048576K
}
Event: 8.975 GC heap before
{Heap before GC invocations=10 (full 1):
 PSYoungGen      total 226304K, used 91586K [0x00000000d5f80000, 0x00000000e4a00000, 0x0000000100000000)
  eden space 216064K, 37% used [0x00000000d5f80000,0x00000000daf33870,0x00000000e3280000)
  from space 10240K, 97% used [0x00000000e4000000,0x00000000e49bcf98,0x00000000e4a00000)
  to   space 11264K, 0% used [0x00000000e3400000,0x00000000e3400000,0x00000000e3f00000)
 ParOldGen       total 53760K, used 5906K [0x0000000081e00000, 0x0000000085280000, 0x00000000d5f80000)
  object space 53760K, 10% used [0x0000000081e00000,0x00000000823c4bb0,0x0000000085280000)
 Metaspace       used 33883K, capacity 35362K, committed 35416K, reserved 1079296K
  class space    used 4424K, capacity 4709K, committed 4736K, reserved 1048576K
Event: 8.988 GC heap after
Heap after GC invocations=10 (full 1):
 PSYoungGen      total 228864K, used 10992K [0x00000000d5f80000, 0x00000000e9980000, 0x0000000100000000)
  eden space 217600K, 0% used [0x00000000d5f80000,0x00000000d5f80000,0x00000000e3400000)
  from space 11264K, 97% used [0x00000000e3400000,0x00000000e3ebc1f8,0x00000000e3f00000)
  to   space 12800K, 0% used [0x00000000e8d00000,0x00000000e8d00000,0x00000000e9980000)
 ParOldGen       total 53760K, used 5914K [0x0000000081e00000, 0x0000000085280000, 0x00000000d5f80000)
  object space 53760K, 11% used [0x0000000081e00000,0x00000000823c6bb0,0x0000000085280000)
 Metaspace       used 33883K, capacity 35362K, committed 35416K, reserved 1079296K
  class space    used 4424K, capacity 4709K, committed 4736K, reserved 1048576K
}
Event: 8.988 GC heap before
{Heap before GC invocations=11 (full 2):
 PSYoungGen      total 228864K, used 10992K [0x00000000d5f80000, 0x00000000e9980000, 0x0000000100000000)
  eden space 217600K, 0% used [0x00000000d5f80000,0x00000000d5f80000,0x00000000e3400000)
  from space 11264K, 97% used [0x00000000e3400000,0x00000000e3ebc1f8,0x00000000e3f00000)
  to   space 12800K, 0% used [0x00000000e8d00000,0x00000000e8d00000,0x00000000e9980000)
 ParOldGen       total 53760K, used 5914K [0x0000000081e00000, 0x0000000085280000, 0x00000000d5f80000)
  object space 53760K, 11% used [0x0000000081e00000,0x00000000823c6bb0,0x0000000085280000)
 Metaspace       used 33883K, capacity 35362K, committed 35416K, reserved 1079296K
  class space    used 4424K, capacity 4709K, committed 4736K, reserved 1048576K
Event: 9.134 GC heap after
Heap after GC invocations=11 (full 2):
 PSYoungGen      total 228864K, used 0K [0x00000000d5f80000, 0x00000000e9980000, 0x0000000100000000)
  eden space 217600K, 0% used [0x00000000d5f80000,0x00000000d5f80000,0x00000000e3400000)
  from space 11264K, 0% used [0x00000000e3400000,0x00000000e3400000,0x00000000e3f00000)
  to   space 12800K, 0% used [0x00000000e8d00000,0x00000000e8d00000,0x00000000e9980000)
 ParOldGen       total 53760K, used 15872K [0x0000000081e00000, 0x0000000085280000, 0x00000000d5f80000)
  object space 53760K, 29% used [0x0000000081e00000,0x0000000082d801f8,0x0000000085280000)
 Metaspace       used 33883K, capacity 35362K, committed 35416K, reserved 1079296K
  class space    used 4424K, capacity 4709K, committed 4736K, reserved 1048576K
}

